[35m[1mConsolidate compiler generated dependencies of target listener_node[0m
[35m[1mConsolidate compiler generated dependencies of target talker_node[0m
[ 25%] [32mBuilding CXX object CMakeFiles/talker_node.dir/src/talker.cpp.o[0m
[ 50%] [32mBuilding CXX object CMakeFiles/listener_node.dir/src/listener.cpp.o[0m
[100%] [32m[1mLinking CXX executable talker_node[0m
[100%] [32m[1mLinking CXX executable listener_node[0m
[100%] Built target listener_node
[100%] Built target talker_node
-- Install configuration: ""
-- Installing: /home/mikhail/SFCS/install/lab1_pubsub/lib/lab1_pubsub/listener_node
-- Set runtime path of "/home/mikhail/SFCS/install/lab1_pubsub/lib/lab1_pubsub/listener_node" to ""
-- Installing: /home/mikhail/SFCS/install/lab1_pubsub/lib/lab1_pubsub/talker_node
-- Set runtime path of "/home/mikhail/SFCS/install/lab1_pubsub/lib/lab1_pubsub/talker_node" to ""
-- Up-to-date: /home/mikhail/SFCS/install/lab1_pubsub/share/lab1_pubsub//launch
-- Up-to-date: /home/mikhail/SFCS/install/lab1_pubsub/share/lab1_pubsub//launch/lab1_pubsub.launch.py
-- Up-to-date: /home/mikhail/SFCS/install/lab1_pubsub/share/ament_index/resource_index/package_run_dependencies/lab1_pubsub
-- Up-to-date: /home/mikhail/SFCS/install/lab1_pubsub/share/ament_index/resource_index/parent_prefix_path/lab1_pubsub
-- Up-to-date: /home/mikhail/SFCS/install/lab1_pubsub/share/lab1_pubsub/environment/ament_prefix_path.sh
-- Up-to-date: /home/mikhail/SFCS/install/lab1_pubsub/share/lab1_pubsub/environment/ament_prefix_path.dsv
-- Up-to-date: /home/mikhail/SFCS/install/lab1_pubsub/share/lab1_pubsub/environment/path.sh
-- Up-to-date: /home/mikhail/SFCS/install/lab1_pubsub/share/lab1_pubsub/environment/path.dsv
-- Up-to-date: /home/mikhail/SFCS/install/lab1_pubsub/share/lab1_pubsub/local_setup.bash
-- Up-to-date: /home/mikhail/SFCS/install/lab1_pubsub/share/lab1_pubsub/local_setup.sh
-- Up-to-date: /home/mikhail/SFCS/install/lab1_pubsub/share/lab1_pubsub/local_setup.zsh
-- Up-to-date: /home/mikhail/SFCS/install/lab1_pubsub/share/lab1_pubsub/local_setup.dsv
-- Installing: /home/mikhail/SFCS/install/lab1_pubsub/share/lab1_pubsub/package.dsv
-- Up-to-date: /home/mikhail/SFCS/install/lab1_pubsub/share/ament_index/resource_index/packages/lab1_pubsub
-- Up-to-date: /home/mikhail/SFCS/install/lab1_pubsub/share/lab1_pubsub/cmake/lab1_pubsubConfig.cmake
-- Up-to-date: /home/mikhail/SFCS/install/lab1_pubsub/share/lab1_pubsub/cmake/lab1_pubsubConfig-version.cmake
-- Up-to-date: /home/mikhail/SFCS/install/lab1_pubsub/share/lab1_pubsub/package.xml
