[0.035s] Invoking command in '/home/mikhail/SFCS/build/lab1_pubsub': CMAKE_PREFIX_PATH=${CMAKE_PREFIX_PATH}:/opt/ros/humble /usr/bin/cmake --build /home/mikhail/SFCS/build/lab1_pubsub -- -j12 -l12
[0.185s] [35m[1mConsolidate compiler generated dependencies of target listener_node[0m
[0.186s] [35m[1mConsolidate compiler generated dependencies of target talker_node[0m
[0.225s] [ 25%] [32mBuilding CXX object CMakeFiles/talker_node.dir/src/talker.cpp.o[0m
[0.225s] [ 50%] [32mBuilding CXX object CMakeFiles/listener_node.dir/src/listener.cpp.o[0m
[16.094s] [100%] [32m[1mLinking CXX executable talker_node[0m
[16.095s] [100%] [32m[1mLinking CXX executable listener_node[0m
[16.852s] [100%] Built target listener_node
[16.853s] [100%] Built target talker_node
[16.900s] Invoked command in '/home/mikhail/SFCS/build/lab1_pubsub' returned '0': CMAKE_PREFIX_PATH=${CMAKE_PREFIX_PATH}:/opt/ros/humble /usr/bin/cmake --build /home/mikhail/SFCS/build/lab1_pubsub -- -j12 -l12
[16.920s] Invoking command in '/home/mikhail/SFCS/build/lab1_pubsub': CMAKE_PREFIX_PATH=${CMAKE_PREFIX_PATH}:/opt/ros/humble /usr/bin/cmake --install /home/mikhail/SFCS/build/lab1_pubsub
[16.933s] -- Install configuration: ""
[16.936s] -- Installing: /home/mikhail/SFCS/install/lab1_pubsub/lib/lab1_pubsub/listener_node
[16.945s] -- Set runtime path of "/home/mikhail/SFCS/install/lab1_pubsub/lib/lab1_pubsub/listener_node" to ""
[16.947s] -- Installing: /home/mikhail/SFCS/install/lab1_pubsub/lib/lab1_pubsub/talker_node
[16.955s] -- Set runtime path of "/home/mikhail/SFCS/install/lab1_pubsub/lib/lab1_pubsub/talker_node" to ""
[16.956s] -- Up-to-date: /home/mikhail/SFCS/install/lab1_pubsub/share/lab1_pubsub//launch
[16.956s] -- Up-to-date: /home/mikhail/SFCS/install/lab1_pubsub/share/lab1_pubsub//launch/lab1_pubsub.launch.py
[16.957s] -- Up-to-date: /home/mikhail/SFCS/install/lab1_pubsub/share/ament_index/resource_index/package_run_dependencies/lab1_pubsub
[16.957s] -- Up-to-date: /home/mikhail/SFCS/install/lab1_pubsub/share/ament_index/resource_index/parent_prefix_path/lab1_pubsub
[16.957s] -- Up-to-date: /home/mikhail/SFCS/install/lab1_pubsub/share/lab1_pubsub/environment/ament_prefix_path.sh
[16.957s] -- Up-to-date: /home/mikhail/SFCS/install/lab1_pubsub/share/lab1_pubsub/environment/ament_prefix_path.dsv
[16.958s] -- Up-to-date: /home/mikhail/SFCS/install/lab1_pubsub/share/lab1_pubsub/environment/path.sh
[16.958s] -- Up-to-date: /home/mikhail/SFCS/install/lab1_pubsub/share/lab1_pubsub/environment/path.dsv
[16.959s] -- Up-to-date: /home/mikhail/SFCS/install/lab1_pubsub/share/lab1_pubsub/local_setup.bash
[16.959s] -- Up-to-date: /home/mikhail/SFCS/install/lab1_pubsub/share/lab1_pubsub/local_setup.sh
[16.959s] -- Up-to-date: /home/mikhail/SFCS/install/lab1_pubsub/share/lab1_pubsub/local_setup.zsh
[16.960s] -- Up-to-date: /home/mikhail/SFCS/install/lab1_pubsub/share/lab1_pubsub/local_setup.dsv
[16.960s] -- Installing: /home/mikhail/SFCS/install/lab1_pubsub/share/lab1_pubsub/package.dsv
[16.960s] -- Up-to-date: /home/mikhail/SFCS/install/lab1_pubsub/share/ament_index/resource_index/packages/lab1_pubsub
[16.960s] -- Up-to-date: /home/mikhail/SFCS/install/lab1_pubsub/share/lab1_pubsub/cmake/lab1_pubsubConfig.cmake
[16.960s] -- Up-to-date: /home/mikhail/SFCS/install/lab1_pubsub/share/lab1_pubsub/cmake/lab1_pubsubConfig-version.cmake
[16.960s] -- Up-to-date: /home/mikhail/SFCS/install/lab1_pubsub/share/lab1_pubsub/package.xml
[16.963s] Invoked command in '/home/mikhail/SFCS/build/lab1_pubsub' returned '0': CMAKE_PREFIX_PATH=${CMAKE_PREFIX_PATH}:/opt/ros/humble /usr/bin/cmake --install /home/mikhail/SFCS/build/lab1_pubsub
