[0.031s] Invoking command in '/home/mikhail/SFCS/build/lab1_pubsub': CMAKE_PREFIX_PATH=${CMAKE_PREFIX_PATH}:/opt/ros/humble /usr/bin/cmake /home/mikhail/SFCS/src/lab1_pubsub -DCMAKE_INSTALL_PREFIX=/home/mikhail/SFCS/install/lab1_pubsub
[0.382s] -- The C compiler identification is GNU 11.4.0
[0.898s] -- The CXX compiler identification is GNU 11.4.0
[1.233s] -- Detecting C compiler ABI info
[1.425s] -- Detecting C compiler ABI info - done
[1.438s] -- Check for working C compiler: /usr/bin/cc - skipped
[1.471s] -- Detecting C compile features
[1.473s] -- Detecting C compile features - done
[1.480s] -- Detecting CXX compiler ABI info
[1.664s] -- Detecting CXX compiler ABI info - done
[1.677s] -- Check for working CXX compiler: /usr/bin/c++ - skipped
[1.678s] -- Detecting CXX compile features
[1.679s] -- Detecting CXX compile features - done
[1.733s] -- Found ament_cmake: 1.3.11 (/opt/ros/humble/share/ament_cmake/cmake)
[2.010s] -- Found Python3: /usr/bin/python3 (found version "3.10.12") found components: Interpreter 
[2.189s] -- Found rclcpp: 16.0.11 (/opt/ros/humble/share/rclcpp/cmake)
[2.480s] -- Found rosidl_generator_c: 3.1.6 (/opt/ros/humble/share/rosidl_generator_c/cmake)
[2.492s] -- Found rosidl_adapter: 3.1.6 (/opt/ros/humble/share/rosidl_adapter/cmake)
[2.518s] -- Found rosidl_generator_cpp: 3.1.6 (/opt/ros/humble/share/rosidl_generator_cpp/cmake)
[2.558s] -- Using all available rosidl_typesupport_c: rosidl_typesupport_fastrtps_c;rosidl_typesupport_introspection_c
[2.604s] -- Using all available rosidl_typesupport_cpp: rosidl_typesupport_fastrtps_cpp;rosidl_typesupport_introspection_cpp
[2.729s] -- Found rmw_implementation_cmake: 6.1.2 (/opt/ros/humble/share/rmw_implementation_cmake/cmake)
[2.737s] -- Found rmw_fastrtps_cpp: 6.2.7 (/opt/ros/humble/share/rmw_fastrtps_cpp/cmake)
[4.143s] -- Found OpenSSL: /usr/lib/x86_64-linux-gnu/libcrypto.so (found version "3.0.2")  
[5.430s] -- Found FastRTPS: /opt/ros/humble/include  
[7.838s] -- Using RMW implementation 'rmw_fastrtps_cpp' as default
[7.899s] -- Looking for pthread.h
[8.095s] -- Looking for pthread.h - found
[8.095s] -- Performing Test CMAKE_HAVE_LIBC_PTHREAD
[8.269s] -- Performing Test CMAKE_HAVE_LIBC_PTHREAD - Success
[8.270s] -- Found Threads: TRUE  
[8.442s] -- Found ament_lint_auto: 0.12.11 (/opt/ros/humble/share/ament_lint_auto/cmake)
[8.584s] -- Added test 'cppcheck' to perform static code analysis on C / C++ code
[8.584s] -- Configured cppcheck include dirs: 
[8.584s] -- Configured cppcheck exclude dirs and/or files: 
[8.585s] -- Added test 'flake8' to check Python code syntax and style conventions
[8.588s] -- Added test 'lint_cmake' to check CMake code style
[8.589s] -- Added test 'pep257' to check Python code against some of the docstring style conventions in PEP 257
[8.592s] -- Added test 'uncrustify' to check C / C++ code style
[8.592s] -- Configured uncrustify additional arguments: 
[8.593s] -- Added test 'xmllint' to check XML markup files
[8.597s] -- Configuring done
[8.621s] -- Generating done
[8.629s] -- Build files have been written to: /home/mikhail/SFCS/build/lab1_pubsub
[8.644s] Invoked command in '/home/mikhail/SFCS/build/lab1_pubsub' returned '0': CMAKE_PREFIX_PATH=${CMAKE_PREFIX_PATH}:/opt/ros/humble /usr/bin/cmake /home/mikhail/SFCS/src/lab1_pubsub -DCMAKE_INSTALL_PREFIX=/home/mikhail/SFCS/install/lab1_pubsub
[8.648s] Invoking command in '/home/mikhail/SFCS/build/lab1_pubsub': CMAKE_PREFIX_PATH=${CMAKE_PREFIX_PATH}:/opt/ros/humble /usr/bin/cmake --build /home/mikhail/SFCS/build/lab1_pubsub -- -j12 -l12
[8.718s] [ 25%] [32mBuilding CXX object CMakeFiles/talker_node.dir/src/talker.cpp.o[0m
[8.719s] [ 50%] [32mBuilding CXX object CMakeFiles/listener_node.dir/src/listener.cpp.o[0m
[17.238s] [ 75%] [32m[1mLinking CXX executable talker_node[0m
[17.609s] [ 75%] Built target talker_node
[22.784s] [100%] [32m[1mLinking CXX executable listener_node[0m
[23.331s] [100%] Built target listener_node
[23.372s] Invoked command in '/home/mikhail/SFCS/build/lab1_pubsub' returned '0': CMAKE_PREFIX_PATH=${CMAKE_PREFIX_PATH}:/opt/ros/humble /usr/bin/cmake --build /home/mikhail/SFCS/build/lab1_pubsub -- -j12 -l12
[23.388s] Invoking command in '/home/mikhail/SFCS/build/lab1_pubsub': CMAKE_PREFIX_PATH=${CMAKE_PREFIX_PATH}:/opt/ros/humble /usr/bin/cmake --install /home/mikhail/SFCS/build/lab1_pubsub
[23.398s] -- Install configuration: ""
[23.399s] -- Installing: /home/mikhail/SFCS/install/lab1_pubsub/lib/lab1_pubsub/listener_node
[23.407s] -- Set runtime path of "/home/mikhail/SFCS/install/lab1_pubsub/lib/lab1_pubsub/listener_node" to ""
[23.408s] -- Installing: /home/mikhail/SFCS/install/lab1_pubsub/lib/lab1_pubsub/talker_node
[23.411s] -- Set runtime path of "/home/mikhail/SFCS/install/lab1_pubsub/lib/lab1_pubsub/talker_node" to ""
[23.411s] -- Installing: /home/mikhail/SFCS/install/lab1_pubsub/share/lab1_pubsub//launch
[23.412s] -- Installing: /home/mikhail/SFCS/install/lab1_pubsub/share/lab1_pubsub//launch/lab1_pubsub.launch.py
[23.413s] -- Installing: /home/mikhail/SFCS/install/lab1_pubsub/share/ament_index/resource_index/package_run_dependencies/lab1_pubsub
[23.414s] -- Installing: /home/mikhail/SFCS/install/lab1_pubsub/share/ament_index/resource_index/parent_prefix_path/lab1_pubsub
[23.415s] -- Installing: /home/mikhail/SFCS/install/lab1_pubsub/share/lab1_pubsub/environment/ament_prefix_path.sh
[23.415s] -- Installing: /home/mikhail/SFCS/install/lab1_pubsub/share/lab1_pubsub/environment/ament_prefix_path.dsv
[23.415s] -- Installing: /home/mikhail/SFCS/install/lab1_pubsub/share/lab1_pubsub/environment/path.sh
[23.416s] -- Installing: /home/mikhail/SFCS/install/lab1_pubsub/share/lab1_pubsub/environment/path.dsv
[23.416s] -- Installing: /home/mikhail/SFCS/install/lab1_pubsub/share/lab1_pubsub/local_setup.bash
[23.417s] -- Installing: /home/mikhail/SFCS/install/lab1_pubsub/share/lab1_pubsub/local_setup.sh
[23.417s] -- Installing: /home/mikhail/SFCS/install/lab1_pubsub/share/lab1_pubsub/local_setup.zsh
[23.417s] -- Installing: /home/mikhail/SFCS/install/lab1_pubsub/share/lab1_pubsub/local_setup.dsv
[23.417s] -- Installing: /home/mikhail/SFCS/install/lab1_pubsub/share/lab1_pubsub/package.dsv
[23.418s] -- Installing: /home/mikhail/SFCS/install/lab1_pubsub/share/ament_index/resource_index/packages/lab1_pubsub
[23.419s] -- Installing: /home/mikhail/SFCS/install/lab1_pubsub/share/lab1_pubsub/cmake/lab1_pubsubConfig.cmake
[23.419s] -- Installing: /home/mikhail/SFCS/install/lab1_pubsub/share/lab1_pubsub/cmake/lab1_pubsubConfig-version.cmake
[23.419s] -- Installing: /home/mikhail/SFCS/install/lab1_pubsub/share/lab1_pubsub/package.xml
[23.423s] Invoked command in '/home/mikhail/SFCS/build/lab1_pubsub' returned '0': CMAKE_PREFIX_PATH=${CMAKE_PREFIX_PATH}:/opt/ros/humble /usr/bin/cmake --install /home/mikhail/SFCS/build/lab1_pubsub
